/home/oroinc/Documents/laboro/dev/package/apruve/README.md
/home/oroinc/Documents/laboro/dev/package/authorizenet/README.md
/home/oroinc/Documents/laboro/dev/package/calendar/README.md
/home/oroinc/Documents/laboro/dev/package/call/README.md
/home/oroinc/Documents/laboro/dev/package/commerce/README.md
/home/oroinc/Documents/laboro/dev/package/commerce/src/Oro/Bridge/CalendarCommerce/README.md
/home/oroinc/Documents/laboro/dev/package/commerce/src/Oro/Bridge/MarketingCommerce/README.md
/home/oroinc/Documents/laboro/dev/package/commerce/src/Oro/Bundle/RFPBundle/README.md
/home/oroinc/Documents/laboro/dev/package/commerce/src/Oro/Bundle/CustomThemeBundle/README.md
/home/oroinc/Documents/laboro/dev/package/commerce/src/Oro/Bundle/MoneyOrderBundle/README.md
/home/oroinc/Documents/laboro/dev/package/commerce/src/Oro/Bundle/UPSBundle/README.md
/home/oroinc/Documents/laboro/dev/package/commerce/src/Oro/Bundle/SEOBundle/README.md
/home/oroinc/Documents/laboro/dev/package/commerce/src/Oro/Bundle/CatalogBundle/README.md
/home/oroinc/Documents/laboro/dev/package/commerce/src/Oro/Bundle/PromotionBundle/README.md
/home/oroinc/Documents/laboro/dev/package/commerce/src/Oro/Bundle/PricingBundle/README.md
/home/oroinc/Documents/laboro/dev/package/commerce/src/Oro/Bundle/ShippingBundle/README.md
/home/oroinc/Documents/laboro/dev/package/commerce/src/Oro/Bundle/ApplicationBundle/README.md
/home/oroinc/Documents/laboro/dev/package/commerce/src/Oro/Bundle/InventoryBundle/README.md
/home/oroinc/Documents/laboro/dev/package/commerce/src/Oro/Bundle/PayPalBundle/README.md
/home/oroinc/Documents/laboro/dev/package/commerce/src/Oro/Bundle/ProductBundle/README.md
/home/oroinc/Documents/laboro/dev/package/commerce/src/Oro/Bundle/WebsiteSearchBundle/README.md
/home/oroinc/Documents/laboro/dev/package/commerce/src/Oro/Bundle/WebCatalogBundle/README.md
/home/oroinc/Documents/laboro/dev/package/commerce/src/Oro/Bundle/CMSBundle/README.md
/home/oroinc/Documents/laboro/dev/package/commerce/src/Oro/Component/README.md
/home/oroinc/Documents/laboro/dev/package/commerce-crm/README.md
/home/oroinc/Documents/laboro/dev/package/commerce-crm/src/Oro/Bridge/CustomerSales/README.md
/home/oroinc/Documents/laboro/dev/package/commerce-crm/src/Oro/Bridge/ContactUs/README.md
/home/oroinc/Documents/laboro/dev/package/commerce-crm-ee/README.md
/home/oroinc/Documents/laboro/dev/package/commerce-crm-ee/src/Oro/Bridge/MultiWebsiteContactUs/README.md
/home/oroinc/Documents/laboro/dev/package/commerce-demo/README.md
/home/oroinc/Documents/laboro/dev/package/commerce-enterprise/README.md
/home/oroinc/Documents/laboro/dev/package/commerce-enterprise/src/Oro/Bundle/WarehouseBundle/README.md
/home/oroinc/Documents/laboro/dev/package/commerce-enterprise/src/Oro/Bundle/WebsiteElasticSearchBundle/README.md
/home/oroinc/Documents/laboro/dev/package/commerce-enterprise/src/Oro/Bundle/WebsiteMenuBundle/README.md
/home/oroinc/Documents/laboro/dev/package/commerce-enterprise/src/Oro/Bundle/MultiWebsiteBundle/README.md
/home/oroinc/Documents/laboro/dev/package/commerce-enterprise/src/Oro/Bundle/CommerceOrganizationMenuBundle/README.md
/home/oroinc/Documents/laboro/dev/package/crm/README.md
/home/oroinc/Documents/laboro/dev/package/crm/src/Oro/Bridge/CalendarCRM/README.md
/home/oroinc/Documents/laboro/dev/package/crm/src/Oro/Bridge/MarketingCRM/README.md
/home/oroinc/Documents/laboro/dev/package/crm/src/Oro/Bundle/CaseBundle/README.md
/home/oroinc/Documents/laboro/dev/package/crm/src/Oro/Bundle/ContactBundle/README.md
/home/oroinc/Documents/laboro/dev/package/crm/src/Oro/Bundle/MagentoBundle/README.md
/home/oroinc/Documents/laboro/dev/package/crm/src/Oro/Bundle/AccountBundle/README.md
/home/oroinc/Documents/laboro/dev/package/crm/src/Oro/Bundle/ActivityContactBundle/README.md
/home/oroinc/Documents/laboro/dev/package/crm/src/Oro/Bundle/AnalyticsBundle/README.md
/home/oroinc/Documents/laboro/dev/package/crm/src/Oro/Bundle/SalesBundle/README.md
/home/oroinc/Documents/laboro/dev/package/crm/src/Oro/Bundle/ChannelBundle/README.md
/home/oroinc/Documents/laboro/dev/package/crm/src/Oro/Bundle/TestFrameworkCRMBundle/README.md
/home/oroinc/Documents/laboro/dev/package/crm/src/Oro/Bundle/ContactUsBundle/README.md
/home/oroinc/Documents/laboro/dev/package/crm/src/Oro/Bundle/DemoDataBundle/README.md
/home/oroinc/Documents/laboro/dev/package/crm-demo/README.md
/home/oroinc/Documents/laboro/dev/package/crm-demo/src/OroCRMDemo/Bundle/UserBundle/README.md
/home/oroinc/Documents/laboro/dev/package/crm-demo/src/OroCRMDemo/Bundle/IridizeBundle/README.md
/home/oroinc/Documents/laboro/dev/package/crm-demo/src/OroCRMDemo/Bundle/PlatformBundle/README.md
/home/oroinc/Documents/laboro/dev/package/crm-demo/src/OroCRMDemo/Bundle/ViewSwitcherBundle/README.md
/home/oroinc/Documents/laboro/dev/package/crm-demo/src/OroCRMDemo/Bundle/UIBundle/README.md
/home/oroinc/Documents/laboro/dev/package/crm-enterprise/README.md
/home/oroinc/Documents/laboro/dev/package/crm-enterprise/src/Oro/Bridge/MarketingCRMPro/README.md
/home/oroinc/Documents/laboro/dev/package/crm-enterprise/src/Oro/Bundle/CRMProBundle/README.md
/home/oroinc/Documents/laboro/dev/package/crm-enterprise/src/Oro/Bundle/OutlookBundle/README.md
/home/oroinc/Documents/laboro/dev/package/crm-enterprise/src/Oro/Bundle/SalesTerritoryBundle/README.md
/home/oroinc/Documents/laboro/dev/package/crm-enterprise/src/Oro/Bundle/MagentoTerritoryBundle/README.md
/home/oroinc/Documents/laboro/dev/package/crm-enterprise/src/Oro/Bundle/TerritoryBundle/README.md
/home/oroinc/Documents/laboro/dev/package/customer-portal/README.md
/home/oroinc/Documents/laboro/dev/package/customer-portal/src/Oro/Bundle/WebsiteBundle/README.md
/home/oroinc/Documents/laboro/dev/package/customer-portal/src/Oro/Bundle/FrontendBundle/README.md
/home/oroinc/Documents/laboro/dev/package/customer-portal/src/Oro/Bundle/CustomerBundle/README.md
/home/oroinc/Documents/laboro/dev/package/customer-portal/src/Oro/Bundle/CommerceMenuBundle/README.md
/home/oroinc/Documents/laboro/dev/package/demo-data/README.md
/home/oroinc/Documents/laboro/dev/package/dotmailer/README.md
/home/oroinc/Documents/laboro/dev/package/dpd/README.md
/home/oroinc/Documents/laboro/dev/package/german-localization/README.md
/home/oroinc/Documents/laboro/dev/package/google-hangout/README.md
/home/oroinc/Documents/laboro/dev/package/infinitepay/README.md
/home/oroinc/Documents/laboro/dev/package/ldap/README.md
/home/oroinc/Documents/laboro/dev/package/magento-contact-us/README.md
/home/oroinc/Documents/laboro/dev/package/marketing/README.md
/home/oroinc/Documents/laboro/dev/package/marketing/src/Oro/Bundle/TrackingBundle/README.md
/home/oroinc/Documents/laboro/dev/package/marketing/src/Oro/Bundle/MarketingListBundle/README.md
/home/oroinc/Documents/laboro/dev/package/marketing/src/Oro/Bundle/CampaignBundle/README.md
/home/oroinc/Documents/laboro/dev/package/marketing/src/Oro/Bundle/MarketingActivityBundle/README.md
/home/oroinc/Documents/laboro/dev/package/platform/README.md
/home/oroinc/Documents/laboro/dev/package/platform/src/Oro/Bundle/ReminderBundle/README.md
/home/oroinc/Documents/laboro/dev/package/platform/src/Oro/Bundle/QueryDesignerBundle/README.md
/home/oroinc/Documents/laboro/dev/package/platform/src/Oro/Bundle/DistributionBundle/README.md
/home/oroinc/Documents/laboro/dev/package/platform/src/Oro/Bundle/WorkflowBundle/README.md
/home/oroinc/Documents/laboro/dev/package/platform/src/Oro/Bundle/FilterBundle/README.md
/home/oroinc/Documents/laboro/dev/package/platform/src/Oro/Bundle/UserBundle/README.md
/home/oroinc/Documents/laboro/dev/package/platform/src/Oro/Bundle/SoapBundle/README.md
/home/oroinc/Documents/laboro/dev/package/platform/src/Oro/Bundle/SyncBundle/README.md
/home/oroinc/Documents/laboro/dev/package/platform/src/Oro/Bundle/ConfigBundle/README.md
/home/oroinc/Documents/laboro/dev/package/platform/src/Oro/Bundle/EntityMergeBundle/README.md
/home/oroinc/Documents/laboro/dev/package/platform/src/Oro/Bundle/EntityBundle/README.md
/home/oroinc/Documents/laboro/dev/package/platform/src/Oro/Bundle/ChartBundle/README.md
/home/oroinc/Documents/laboro/dev/package/platform/src/Oro/Bundle/MessageQueueBundle/README.md
/home/oroinc/Documents/laboro/dev/package/platform/src/Oro/Bundle/PlatformBundle/README.md
/home/oroinc/Documents/laboro/dev/package/platform/src/Oro/Bundle/ImportExportBundle/README.md
/home/oroinc/Documents/laboro/dev/package/platform/src/Oro/Bundle/NoteBundle/README.md +
/home/oroinc/Documents/laboro/dev/package/platform/src/Oro/Bundle/LoggerBundle/README.md +
/home/oroinc/Documents/laboro/dev/package/platform/src/Oro/Bundle/AsseticBundle/README.md +
/home/oroinc/Documents/laboro/dev/package/platform/src/Oro/Bundle/WindowsBundle/README.md +
/home/oroinc/Documents/laboro/dev/package/platform/src/Oro/Bundle/EntityConfigBundle/README.md +
/home/oroinc/Documents/laboro/dev/package/platform/src/Oro/Bundle/ActivityBundle/README.md +
/home/oroinc/Documents/laboro/dev/package/platform/src/Oro/Bundle/DataAuditBundle/README.md +
/home/oroinc/Documents/laboro/dev/package/platform/src/Oro/Bundle/SecurityBundle/README.md +
/home/oroinc/Documents/laboro/dev/package/platform/src/Oro/Bundle/BatchBundle/README.md +
/home/oroinc/Documents/laboro/dev/package/platform/src/Oro/Bundle/CurrencyBundle/README.md +
/home/oroinc/Documents/laboro/dev/package/platform/src/Oro/Bundle/ApiBundle/README.md +
/home/oroinc/Documents/laboro/dev/package/platform/src/Oro/Bundle/LayoutBundle/README.md -
/home/oroinc/Documents/laboro/dev/package/platform/src/Oro/Bundle/HelpBundle/README.md -
/home/oroinc/Documents/laboro/dev/package/platform/src/Oro/Bundle/OrganizationBundle/README.md +
/home/oroinc/Documents/laboro/dev/package/platform/src/Oro/Bundle/ScopeBundle/README.md +
/home/oroinc/Documents/laboro/dev/package/platform/src/Oro/Bundle/BusinessEntitiesBundle/README.md -
/home/oroinc/Documents/laboro/dev/package/platform/src/Oro/Bundle/LocaleBundle/README.md +
/home/oroinc/Documents/laboro/dev/package/platform/src/Oro/Bundle/TranslationBundle/README.md
/home/oroinc/Documents/laboro/dev/package/platform/src/Oro/Bundle/SidebarBundle/README.md +
/home/oroinc/Documents/laboro/dev/package/platform/src/Oro/Bundle/SegmentBundle/README.md +
/home/oroinc/Documents/laboro/dev/package/platform/src/Oro/Bundle/FeatureToggleBundle/README.md +
/home/oroinc/Documents/laboro/dev/package/platform/src/Oro/Bundle/SearchBundle/README.md -
/home/oroinc/Documents/laboro/dev/package/platform/src/Oro/Bundle/InstallerBundle/README.md +
/home/oroinc/Documents/laboro/dev/package/platform/src/Oro/Bundle/FormBundle/README.md -
/home/oroinc/Documents/laboro/dev/package/platform/src/Oro/Bundle/TagBundle/README.md +
/home/oroinc/Documents/laboro/dev/package/platform/src/Oro/Bundle/DataGridBundle/README.md -
/home/oroinc/Documents/laboro/dev/package/platform/src/Oro/Bundle/NavigationBundle/README.md +
/home/oroinc/Documents/laboro/dev/package/platform/src/Oro/Bundle/IntegrationBundle/README.md -
/home/oroinc/Documents/laboro/dev/package/platform/src/Oro/Bundle/EntityExtendBundle/README.md +
/home/oroinc/Documents/laboro/dev/package/platform/src/Oro/Bundle/UIBundle/README.md -
/home/oroinc/Documents/laboro/dev/package/platform/src/Oro/Bundle/ActivityListBundle/README.md +
/home/oroinc/Documents/laboro/dev/package/platform/src/Oro/Bundle/EntityPaginationBundle/README.md +
/home/oroinc/Documents/laboro/dev/package/platform/src/Oro/Bundle/CommentBundle/README.md +
/home/oroinc/Documents/laboro/dev/package/platform/src/Oro/Bundle/ImapBundle/README.md +
/home/oroinc/Documents/laboro/dev/package/platform/src/Oro/Bundle/CacheBundle/README.md +
/home/oroinc/Documents/laboro/dev/package/platform/src/Oro/Bundle/ThemeBundle/README.md +
/home/oroinc/Documents/laboro/dev/package/platform/src/Oro/Bundle/AddressBundle/README.md -
/home/oroinc/Documents/laboro/dev/package/platform/src/Oro/Bundle/DashboardBundle/README.md +
/home/oroinc/Documents/laboro/dev/package/platform/src/Oro/Bundle/TestFrameworkBundle/README.md +-
/home/oroinc/Documents/laboro/dev/package/platform/src/Oro/Bundle/TestFrameworkBundle/BehatStatisticExtension/README.md +
/home/oroinc/Documents/laboro/dev/package/platform/src/Oro/Bundle/TestFrameworkBundle/Behat/README.md +
/home/oroinc/Documents/laboro/dev/package/platform/src/Oro/Bundle/CronBundle/README.md +
/home/oroinc/Documents/laboro/dev/package/platform/src/Oro/Bundle/GaufretteBundle/README.md +
/home/oroinc/Documents/laboro/dev/package/platform/src/Oro/Bundle/MigrationBundle/README.md +
/home/oroinc/Documents/laboro/dev/package/platform/src/Oro/Bundle/ActionBundle/README.md -
/home/oroinc/Documents/laboro/dev/package/platform/src/Oro/Bundle/RequireJSBundle/README.md +
/home/oroinc/Documents/laboro/dev/package/platform/src/Oro/Bundle/EmbeddedFormBundle/README.md +
/home/oroinc/Documents/laboro/dev/package/platform/src/Oro/Component/ExpressionLanguage/README.md +
/home/oroinc/Documents/laboro/dev/package/platform/src/Oro/Component/Action/README.md -
/home/oroinc/Documents/laboro/dev/package/platform/src/Oro/Component/PropertyAccess/README.md +
/home/oroinc/Documents/laboro/dev/package/platform/src/Oro/Component/ConfigExpression/README.md +
/home/oroinc/Documents/laboro/dev/package/platform/src/Oro/Component/Log/README.md +-
/home/oroinc/Documents/laboro/dev/package/platform/src/Oro/Component/MessageQueue/README.md +
/home/oroinc/Documents/laboro/dev/package/platform/src/Oro/Component/Layout/README.md +
/home/oroinc/Documents/laboro/dev/package/platform/src/Oro/Component/Routing/README.md +
/home/oroinc/Documents/laboro/dev/package/platform/src/Oro/Component/EntitySerializer/README.md -
/home/oroinc/Documents/laboro/dev/package/platform/src/Oro/Component/DoctrineUtils/README.md +
/home/oroinc/Documents/laboro/dev/package/platform/src/Oro/Component/ChainProcessor/README.md +
/home/oroinc/Documents/laboro/dev/package/platform/src/Oro/Component/Math/README.md +
/home/oroinc/Documents/laboro/dev/package/platform/src/Oro/Component/DependencyInjection/README.md +-
/home/oroinc/Documents/laboro/dev/package/platform/src/Oro/Component/TestUtils/README.md +-
/home/oroinc/Documents/laboro/dev/package/platform/src/Oro/Component/PhpUtils/README.md +
/home/oroinc/Documents/laboro/dev/package/platform/src/Oro/Component/Config/README.md -
/home/oroinc/Documents/laboro/dev/package/platform-enterprise/README.md -
/home/oroinc/Documents/laboro/dev/package/platform-enterprise/src/Oro/Bundle/AmqpMessageQueueBundle/README.md +
/home/oroinc/Documents/laboro/dev/package/platform-enterprise/src/Oro/Bundle/EmailProBundle/README.md -
/home/oroinc/Documents/laboro/dev/package/platform-enterprise/src/Oro/Bundle/EntityConfigProBundle/README.md -
/home/oroinc/Documents/laboro/dev/package/platform-enterprise/src/Oro/Bundle/PlatformProBundle/README.md
/home/oroinc/Documents/laboro/dev/package/platform-enterprise/src/Oro/Bundle/SecurityProBundle/README.md -
/home/oroinc/Documents/laboro/dev/package/platform-enterprise/src/Oro/Bundle/CronProBundle/README.md -
/home/oroinc/Documents/laboro/dev/package/platform-enterprise/src/Oro/Bundle/OrganizationMenuBundle/README.md -
/home/oroinc/Documents/laboro/dev/package/platform-enterprise/src/Oro/Bundle/EwsBundle/README.md +
/home/oroinc/Documents/laboro/dev/package/platform-enterprise/src/Oro/Bundle/UserProBundle/README.md -
/home/oroinc/Documents/laboro/dev/package/platform-enterprise/src/Oro/Bundle/OrganizationProBundle/README.md +
/home/oroinc/Documents/laboro/dev/package/platform-enterprise/src/Oro/Bundle/ElasticSearchBundle/README.md -
/home/oroinc/Documents/laboro/dev/package/platform-enterprise/src/Oro/Bundle/CommentProBundle/README.md -
/home/oroinc/Documents/laboro/dev/package/platform-enterprise/src/Oro/Bundle/ImapProBundle/README.md -
/home/oroinc/Documents/laboro/dev/package/platform-enterprise/src/Oro/Bundle/TestFrameworkProBundle/README.md -
/home/oroinc/Documents/laboro/dev/package/platform-enterprise/src/Oro/Bundle/OrganizationConfigBundle/README.md -
/home/oroinc/Documents/laboro/dev/package/platform-enterprise/src/Oro/Bundle/LocaleProBundle/README.md -
/home/oroinc/Documents/laboro/dev/package/platform-enterprise/src/Oro/Bundle/CalendarProBundle/README.md -
/home/oroinc/Documents/laboro/dev/package/platform-enterprise/src/Oro/Component/AmqpMessageQueue/README.md +
/home/oroinc/Documents/laboro/dev/package/serialized-fields/README.md +
/home/oroinc/Documents/laboro/dev/package/task/README.md -
/home/oroinc/Documents/laboro/dev/package/wirecard/README.md -
/home/oroinc/Documents/laboro/dev/package/zendesk/README.md +-
