[31mD:\master_laboro_dev_2.0\dev\documentation\crm\user_guide\activities\calendar_events\activities_events_actions.rst:18: SEVERE: Problems with "include" directive path:
InputError: [Errno 2] No such file or directory: 'user_guide/activities/calendar_events/actions/add.rst'.
[39;49;00m[31mD:\master_laboro_dev_2.0\dev\documentation\crm\user_guide\activities\calendar_events\activities_events_actions.rst:27: SEVERE: Problems with "include" directive path:
InputError: [Errno 2] No such file or directory: 'user_guide/activities/calendar_events/actions/add.rst'.
[39;49;00m[31mD:\master_laboro_dev_2.0\dev\documentation\crm\user_guide\activities\calendar_events\activities_events_actions.rst:31: SEVERE: Problems with "include" directive path:
InputError: [Errno 2] No such file or directory: 'user_guide/activities/calendar_events/actions/add.rst'.
[39;49;00m[31mD:\master_laboro_dev_2.0\dev\documentation\crm\user_guide\activities\calendar_events\index.rst:21: SEVERE: Problem with "start-after" option of "include" directive:
Text not found.
[39;49;00m[31mD:\master_laboro_dev_2.0\dev\documentation\crm\user_guide\activities\calendar_events\index.rst:28: SEVERE: Problem with "start-after" option of "include" directive:
Text not found.
[39;49;00m[31mD:\master_laboro_dev_2.0\dev\documentation\crm\user_guide\activities\calendar_events\index.rst:98: WARNING: toctree contains reference to nonexisting document u'user_guide/activities/calendar_events/create_calendar_events'
[39;49;00m[31mD:\master_laboro_dev_2.0\dev\documentation\crm\user_guide\activities\calendar_events\index.rst:98: WARNING: toctree contains reference to nonexisting document u'user_guide/activities/calendar_events/manage_calendar_events'
[39;49;00m[31mD:\master_laboro_dev_2.0\dev\documentation\crm\user_guide\activities\calendar_events\activities_events_actions.rst:: WARNING: document isn't included in any toctree
[39;49;00m[31mD:\master_laboro_dev_2.0\dev\documentation\crm\user_guide\activities\calendar_events\activities_events_grid.rst:: WARNING: document isn't included in any toctree
[39;49;00m[31mD:\master_laboro_dev_2.0\dev\documentation\crm\user_guide\activities\calendar_events\activities_events_viewpage.rst:: WARNING: document isn't included in any toctree
[39;49;00m[31mD:\master_laboro_dev_2.0\dev\documentation\crm\user_guide\activities\calendar_events\create_calendar_event.rst:: WARNING: document isn't included in any toctree
[39;49;00m[31mD:\master_laboro_dev_2.0\dev\documentation\crm\user_guide\activities\calendar_events\manage_calendar_event.rst:: WARNING: document isn't included in any toctree
[39;49;00m[31mD:\master_laboro_dev_2.0\dev\documentation\crm\user_guide\activities\calendar_events\activities_events_actions.rst:171: WARNING: undefined label: doc-widgets-today-calendar (if the link has no caption the label must precede a section header)
[39;49;00m[31mD:\master_laboro_dev_2.0\dev\documentation\crm\user_guide\activities\calendar_events\index.rst:88: WARNING: undefined label: doc-widgets-today-calendar (if the link has no caption the label must precede a section header)
[39;49;00m